<?xml version="1.0" encoding="UTF-8"?>
<!-- Generated by org.testng.reporters.JUnitReportReporter -->
<testsuite hostname="naimchowdhury-pc" failures="0" tests="2" name="projectd.amazon.amazontest" time="41.940" errors="0" timestamp="2022-02-02T14:54:05 EST" skipped="0">
  <testcase classname="projectd.amazon.amazontest" name="f" time="18.927"/>
  <system-out/>
  <testcase classname="projectd.amazon.amazontest" name="f" time="23.013"/>
  <system-out/>
</testsuite> <!-- projectd.amazon.amazontest -->
