<?xml version="1.0" encoding="UTF-8"?>
<!-- Generated by org.testng.reporters.JUnitReportReporter -->
<testsuite hostname="naimchowdhury-pc" failures="0" tests="2" name="projectd.amazon.amazontest" time="38.309" errors="0" timestamp="2022-04-22T13:20:33 EDT" skipped="0">
  <testcase classname="projectd.amazon.amazontest" name="f" time="18.032"/>
  <system-out/>
  <testcase classname="projectd.amazon.amazontest" name="f" time="20.277"/>
  <system-out/>
</testsuite> <!-- projectd.amazon.amazontest -->
