<?xml version="1.0" encoding="UTF-8"?>
<!-- Generated by org.testng.reporters.JUnitReportReporter -->
<testsuite hostname="naimchowdhury-pc" failures="0" tests="2" name="projectd.amazon.amazontest" time="46.452" errors="0" timestamp="2022-01-31T09:12:39 EST" skipped="0">
  <testcase classname="projectd.amazon.amazontest" name="f" time="20.963"/>
  <system-out/>
  <testcase classname="projectd.amazon.amazontest" name="f" time="25.489"/>
  <system-out/>
</testsuite> <!-- projectd.amazon.amazontest -->
